================================================================================
ğŸš€ CNS COMPREHENSIVE TEST REPORT
================================================================================
Generated: 2025-07-23 20:48:01
Total Execution Time: 3.68s

ğŸ“Š OVERALL STATISTICS:
   Total Tests: 10
   âœ… Passed: 2
   âŒ Failed: 6
   â­ï¸  Skipped: 2
   ğŸ¯ Success Rate: 20.0%

ğŸ§ª BDD TESTS: Behavior-driven development validation
------------------------------------------------------------
   Duration: 0.06s
   Tests: 1
   Status: âœ… 0 passed, âŒ 1 failed, â­ï¸ 0 skipped
   âŒ test-real: 0.06s
      ğŸ”´ test_bitactor_integration_real_bdd.c:7:10: fatal error: '../bitactor/include/bitactor.h' file not found
      ğŸ”´ 7 | #include "../bitactor/include/bitactor.h"
      ğŸ”´ |          ^~~~~~~~~~~~~~~~~~~~~~~~~~~~~~~~

ğŸ§ª SELF-CHECKS: System health and integration validation
------------------------------------------------------------
   Duration: 0.32s
   Tests: 1
   Status: âœ… 0 passed, âŒ 1 failed, â­ï¸ 0 skipped
   âŒ all: 0.32s
      ğŸ”´ test_bitactor_core_real_bdd.c:79:66: warning: unused parameter 'scratch' [-Wunused-parameter]
      ğŸ”´ 79 | static result_t latency_critical_handler(signal_t* signal, void* scratch) {
      ğŸ”´ |                                                                  ^

ğŸ§ª BENCHMARKS: Performance and coverage analysis
------------------------------------------------------------
   Duration: 0.48s
   Tests: 2
   Status: âœ… 0 passed, âŒ 2 failed, â­ï¸ 0 skipped
   âŒ test-performance: 0.13s
      ğŸ”´ ../bitactor/tests/test_adapters_impl.c:123:26: error: no member named 'write_index' in 'struct telemetry_ring'; did you mean 'write_idx'?
      ğŸ”´ 123 |     uint32_t idx = ring->write_index;
      ğŸ”´ |                          ^~~~~~~~~~~
   âŒ test-coverage: 0.35s
      ğŸ”´ test_bitactor_core_real_bdd.c:79:66: warning: unused parameter 'scratch' [-Wunused-parameter]
      ğŸ”´ 79 | static result_t latency_critical_handler(signal_t* signal, void* scratch) {
      ğŸ”´ |                                                                  ^

ğŸ§ª UNIT TESTS: Individual component validation
------------------------------------------------------------
   Duration: 0.71s
   Tests: 3
   Status: âœ… 0 passed, âŒ 1 failed, â­ï¸ 2 skipped
   âŒ ./test_bitactor_core_real_bdd: 0.71s
   â­ï¸ test_news_validator_real_bdd: 0.00s
   â­ï¸ test_sparql_real_bdd: 0.00s

ğŸ§ª STRESS TESTS: High-load and chaos engineering validation
------------------------------------------------------------
   Duration: 3.22s
   Tests: 3
   Status: âœ… 2 passed, âŒ 1 failed, â­ï¸ 0 skipped
   âœ… ./test_cns_system_integration_complete: 0.22s
      ğŸ”„ Execution cycles: 83
      âš¡ Zero-tick optimized: 935
      ğŸ“ˆ Optimization ratio: 93.5%
      ğŸŸ¢ System health: operational
   âœ… ./test_bitactor_chaos_bdd: 2.14s
   âŒ ./test_bitactor_core_real_bdd: 0.86s

ğŸ¯ FINAL STATUS:
ğŸ”´ CRITICAL FAILURES - SYSTEM NOT READY FOR PRODUCTION
================================================================================