================================================================================
ğŸš€ CNS COMPREHENSIVE TEST REPORT
================================================================================
Generated: 2025-07-23 17:33:55
Total Execution Time: 0.41s

ğŸ“Š OVERALL STATISTICS:
   Total Tests: 10
   âœ… Passed: 1
   âŒ Failed: 4
   â­ï¸  Skipped: 5
   ğŸ¯ Success Rate: 10.0%

ğŸ§ª BDD TESTS: Behavior-driven development validation
------------------------------------------------------------
   Duration: 0.16s
   Tests: 1
   Status: âœ… 0 passed, âŒ 1 failed, â­ï¸ 0 skipped
   âŒ test-real: 0.16s
      ğŸ”´ In file included from test_bitactor_core_real_bdd.c:13:
      ğŸ”´ ./../bitactor/include/bitactor/bitactor_telemetry.h:22:31: warning: redefinition of typedef 'telemetry_ring_t' is a C11 feature [-Wtypedef-redefinition]
      ğŸ”´ 22 | typedef struct telemetry_ring telemetry_ring_t;

ğŸ§ª SELF-CHECKS: System health and integration validation
------------------------------------------------------------
   Duration: 0.16s
   Tests: 1
   Status: âœ… 0 passed, âŒ 1 failed, â­ï¸ 0 skipped
   âŒ all: 0.16s
      ğŸ”´ In file included from test_bitactor_core_real_bdd.c:13:
      ğŸ”´ ./../bitactor/include/bitactor/bitactor_telemetry.h:22:31: warning: redefinition of typedef 'telemetry_ring_t' is a C11 feature [-Wtypedef-redefinition]
      ğŸ”´ 22 | typedef struct telemetry_ring telemetry_ring_t;

ğŸ§ª BENCHMARKS: Performance and coverage analysis
------------------------------------------------------------
   Duration: 0.28s
   Tests: 2
   Status: âœ… 0 passed, âŒ 2 failed, â­ï¸ 0 skipped
   âŒ test-performance: 0.10s
      ğŸ”´ test_real_vs_mock_performance.c:56:10: error: field designator 'priority' does not refer to any field in type 'signal_t' (aka 'struct signal')
      ğŸ”´ 56 |         .priority = 0,
      ğŸ”´ |         ~^~~~~~~~~~~~
   âŒ test-coverage: 0.18s
      ğŸ”´ In file included from test_bitactor_core_real_bdd.c:13:
      ğŸ”´ ./../bitactor/include/bitactor/bitactor_telemetry.h:22:31: warning: redefinition of typedef 'telemetry_ring_t' is a C11 feature [-Wtypedef-redefinition]
      ğŸ”´ 22 | typedef struct telemetry_ring telemetry_ring_t;

ğŸ§ª UNIT TESTS: Individual component validation
------------------------------------------------------------
   Duration: 0.00s
   Tests: 3
   Status: âœ… 0 passed, âŒ 0 failed, â­ï¸ 3 skipped
   â­ï¸ test_bitactor_core_real_bdd: 0.00s
   â­ï¸ test_news_validator_real_bdd: 0.00s
   â­ï¸ test_sparql_real_bdd: 0.00s

ğŸ§ª STRESS TESTS: High-load and chaos engineering validation
------------------------------------------------------------
   Duration: 0.00s
   Tests: 3
   Status: âœ… 1 passed, âŒ 0 failed, â­ï¸ 2 skipped
   âœ… ./test_cns_system_integration_complete: 0.00s
      ğŸ”„ Execution cycles: 125
      âš¡ Zero-tick optimized: 939
      ğŸ“ˆ Optimization ratio: 93.9%
      ğŸŸ¢ System health: operational
   â­ï¸ test_bitactor_chaos_bdd: 0.00s
   â­ï¸ test_bitactor_core_real_bdd: 0.00s

ğŸ¯ FINAL STATUS:
ğŸ”´ CRITICAL FAILURES - SYSTEM NOT READY FOR PRODUCTION
================================================================================